<?xml version="1.0" encoding="UTF-8"?>
<!-- Generated by org.testng.reporters.JUnitXMLReporter -->
<testsuite hostname="LAPTOP-H5PVVSBB" ignored="0" name="Test" tests="2" failures="1" timestamp="20 May 2018 12:04:57 GMT" time="1.597" errors="0">
  <testcase name="f" time="0.024" classname="com.testng.demo.NewTest">
    <failure type="java.lang.AssertionError" message="expected [FaceBo] but found [Facebook – log in or sign up]">
      <![CDATA[java.lang.AssertionError: expected [FaceBo] but found [Facebook – log in or sign up]
	at com.testng.demo.NewTest.f(NewTest.java:27)
... Removed 31 stack frames]]>
    </failure>
  </testcase> <!-- f -->
  <testcase name="f2" time="0.828" classname="com.testng.demo.NewTest"/>
</testsuite> <!-- Test -->
